MADGRAPH_CUDA_ARCHITECTURE=
MADGRAPH_HIP_ARCHITECTURE=

HASBLAS=hasBlas
Building in /data/avalassi/GPU2025/test-madgraph4gpu/epochX/cudacpp/gg_ttggg.mad/SubProcesses/P1_gg_ttxggg
BACKEND=cpp512y (was cppauto)
OMPFLAGS=
FPTYPE='m'
HELINL='0'
HRDCOD='0'
HASCURAND=hasCurand
HASHIPRAND=hasNoHiprand
HASBLAS=hasBlas
Building in BUILDDIR=build.auto_m_inl0_hrd0 for tag=512y_m_inl0_hrd0_hasCurand_hasNoHiprand (USEBUILDDIR == 1)
make: Nothing to be done for 'gtestlibs'.
make: Nothing to be done for 'all'.

make: Nothing to be done for 'all'.

make: Nothing to be done for 'all'.

make: Nothing to be done for 'all'.

make: Nothing to be done for 'all'.

make: Nothing to be done for 'all'.

DATE: 2025-10-18_13:03:14

HASBLAS=hasBlas
CUDACPP_RUNTIME_BLASCOLORSUM=
CUDACPP_RUNTIME_CUBLASTF32TENSOR=
On itscrd90.cern.ch [CPU: Intel(R) Xeon(R) Silver 4216 CPU] [GPU: 1x Tesla V100S-PCIE-32GB]:
=========================================================================
runExe /data/avalassi/GPU2025/test-madgraph4gpu/epochX/cudacpp/gg_ttggg.mad/SubProcesses/P1_gg_ttxggg/build.cuda_d_inl0_hrd0/check_cuda.exe -p 1 256 2 OMP=
Process                     = SIGMA_SM_GG_TTXGGG_CUDA [nvcc 12.0.140 (gcc 11.5.0)] [inlineHel=0] [hardcodePARAM=0]
Workflow summary            = CUD:DBL+THX:CURDEV+RMBDEV+MESDEV/none+NAVBRK
FP precision                = DOUBLE (NaN/abnormal=512, zero=0)
EvtsPerSec[Rmb+ME]     (23) = ( 8.369377e+02                 )  sec^-1
EvtsPerSec[MatrixElems] (3) = ( 8.371100e+02                 )  sec^-1
EvtsPerSec[MECalcOnly] (3a) = ( 8.371477e+02                 )  sec^-1
MeanMatrixElemValue         = ( -nan +- -nan )  GeV^-6
TOTAL       :     1.966774 sec
     6,551,358,169      cycles                           #    2.841 GHz                       
    12,067,963,428      instructions                     #    1.84  insn per cycle            
       2.364397066 seconds time elapsed
.........................................................................
runNcu /data/avalassi/GPU2025/test-madgraph4gpu/epochX/cudacpp/gg_ttggg.mad/SubProcesses/P1_gg_ttxggg/build.cuda_d_inl0_hrd0/check_cuda.exe -p 1 256 1
==WARNING== No kernels were profiled.
   launch__registers_per_thread N/A
   sm__sass_average_branch_targets_threads_uniform.pct N/A
==WARNING== No kernels were profiled.
   launch__registers_per_thread N/A
   sm__sass_average_branch_targets_threads_uniform.pct N/A
==PROF== Profiling "color_sum_kernel": launch__registers_per_thread 255
==PROF== Profiling "color_sum_kernel": sm__sass_average_branch_targets_threads_uniform.pct 100%
-------------------------------------------------------------------------
runTest /data/avalassi/GPU2025/test-madgraph4gpu/epochX/cudacpp/gg_ttggg.mad/SubProcesses/P1_gg_ttxggg/build.cuda_d_inl0_hrd0/runTest_cuda.exe
[  FAILED  ] SIGMA_SM_GG_TTXGGG_GPU_NOMULTICHANNEL.compareMomAndME (1412 ms)
[  FAILED  ] SIGMA_SM_GG_TTXGGG_GPU_MULTICHANNEL.compareMomAndME (1058 ms)
[  PASSED  ] 2 tests.
[  FAILED  ] 2 tests, listed below:
[  FAILED  ] SIGMA_SM_GG_TTXGGG_GPU_NOMULTICHANNEL.compareMomAndME
[  FAILED  ] SIGMA_SM_GG_TTXGGG_GPU_MULTICHANNEL.compareMomAndME
 2 FAILED TESTS
DEBUG: MEK (no multichannel) processed 512 events across 1240 channels { no-multichannel : 512 }
DEBUG: MEK (channelid array) processed 512 events across 1240 channels { 1 : 32, 2 : 32, 4 : 32, 5 : 32, 7 : 32, 8 : 32, 14 : 32, 15 : 32, 16 : 32, 18 : 32, 19 : 32, 20 : 32, 22 : 32, 23 : 32, 24 : 32, 26 : 32 }
-------------------------------------------------------------------------
cmpExe /data/avalassi/GPU2025/test-madgraph4gpu/epochX/cudacpp/gg_ttggg.mad/SubProcesses/P1_gg_ttxggg/build.cuda_d_inl0_hrd0/check_cuda.exe --common -p 2 64 2
cmpExe /data/avalassi/GPU2025/test-madgraph4gpu/epochX/cudacpp/gg_ttggg.mad/SubProcesses/P1_gg_ttxggg/build.cuda_d_inl0_hrd0/fcheck_cuda.exe 2 64 2
Avg ME (C++/GPU)   = -nan
Avg ME (F77/GPU)   = 0.0000000000000000
Traceback (most recent call last):
  File "<string>", line 1, in <module>
NameError: name 'nan' is not defined
