MADGRAPH_CUDA_ARCHITECTURE=
MADGRAPH_HIP_ARCHITECTURE=

HASBLAS=hasBlas
Building in /data/avalassi/GPU2025/test-madgraph4gpu/epochX/cudacpp/gg_ttgg.mad/SubProcesses/P1_gg_ttxgg
BACKEND=cpp512y (was cppauto)
OMPFLAGS=
FPTYPE='m'
HELINL='0'
HRDCOD='0'
HASCURAND=hasCurand
HASHIPRAND=hasNoHiprand
HASBLAS=hasBlas
Building in BUILDDIR=build.auto_m_inl0_hrd0 for tag=512y_m_inl0_hrd0_hasCurand_hasNoHiprand (USEBUILDDIR == 1)
make: Nothing to be done for 'gtestlibs'.

make USEBUILDDIR=1 BACKEND=cuda
make[1]: Entering directory '/data/avalassi/GPU2025/test-madgraph4gpu/epochX/cudacpp/gg_ttgg.mad/SubProcesses/P1_gg_ttxgg'
make[1]: Nothing to be done for 'all'.
make[1]: Leaving directory '/data/avalassi/GPU2025/test-madgraph4gpu/epochX/cudacpp/gg_ttgg.mad/SubProcesses/P1_gg_ttxgg'

make USEBUILDDIR=1 BACKEND=cppnone
make[1]: Entering directory '/data/avalassi/GPU2025/test-madgraph4gpu/epochX/cudacpp/gg_ttgg.mad/SubProcesses/P1_gg_ttxgg'
make[1]: Nothing to be done for 'all'.
make[1]: Leaving directory '/data/avalassi/GPU2025/test-madgraph4gpu/epochX/cudacpp/gg_ttgg.mad/SubProcesses/P1_gg_ttxgg'

make USEBUILDDIR=1 BACKEND=cppsse4
make[1]: Entering directory '/data/avalassi/GPU2025/test-madgraph4gpu/epochX/cudacpp/gg_ttgg.mad/SubProcesses/P1_gg_ttxgg'
make[1]: Nothing to be done for 'all'.
make[1]: Leaving directory '/data/avalassi/GPU2025/test-madgraph4gpu/epochX/cudacpp/gg_ttgg.mad/SubProcesses/P1_gg_ttxgg'

make USEBUILDDIR=1 BACKEND=cppavx2
make[1]: Entering directory '/data/avalassi/GPU2025/test-madgraph4gpu/epochX/cudacpp/gg_ttgg.mad/SubProcesses/P1_gg_ttxgg'
make[1]: Nothing to be done for 'all'.
make[1]: Leaving directory '/data/avalassi/GPU2025/test-madgraph4gpu/epochX/cudacpp/gg_ttgg.mad/SubProcesses/P1_gg_ttxgg'

make USEBUILDDIR=1 BACKEND=cpp512y
make[1]: Entering directory '/data/avalassi/GPU2025/test-madgraph4gpu/epochX/cudacpp/gg_ttgg.mad/SubProcesses/P1_gg_ttxgg'
make[1]: Nothing to be done for 'all'.
make[1]: Leaving directory '/data/avalassi/GPU2025/test-madgraph4gpu/epochX/cudacpp/gg_ttgg.mad/SubProcesses/P1_gg_ttxgg'

make USEBUILDDIR=1 BACKEND=cpp512z
make[1]: Entering directory '/data/avalassi/GPU2025/test-madgraph4gpu/epochX/cudacpp/gg_ttgg.mad/SubProcesses/P1_gg_ttxgg'
make[1]: Nothing to be done for 'all'.
make[1]: Leaving directory '/data/avalassi/GPU2025/test-madgraph4gpu/epochX/cudacpp/gg_ttgg.mad/SubProcesses/P1_gg_ttxgg'

DATE: 2025-10-18_14:02:22

HASBLAS=hasBlas
CUDACPP_RUNTIME_BLASCOLORSUM=
CUDACPP_RUNTIME_CUBLASTF32TENSOR=
On itscrd90.cern.ch [CPU: Intel(R) Xeon(R) Silver 4216 CPU] [GPU: 1x Tesla V100S-PCIE-32GB]:
=========================================================================
runExe /data/avalassi/GPU2025/test-madgraph4gpu/epochX/cudacpp/gg_ttgg.mad/SubProcesses/P1_gg_ttxgg/build.cuda_f_inl0_hrd0/check_cuda.exe -p 64 256 1 --rmbhst OMP=
WARNING! RamboHost selected: cannot use CurandDevice, will use CurandHost
Process                     = SIGMA_SM_GG_TTXGG_CUDA [nvcc 12.0.140 (gcc 11.5.0)] [inlineHel=0] [hardcodePARAM=0]
Workflow summary            = CUD:FLT+THX:CURHST+RMBHST+MESDEV/none+NAVBRK
FP precision                = FLOAT (NaN/abnormal=16384, zero=0)
EvtsPerSec[Rmb+ME]     (23) = ( 3.394716e+05                 )  sec^-1
EvtsPerSec[MatrixElems] (3) = ( 3.617151e+05                 )  sec^-1
EvtsPerSec[MECalcOnly] (3a) = ( 3.619058e+05                 )  sec^-1
MeanMatrixElemValue         = ( -nan +- -nan )  GeV^-4
TOTAL       :     0.500136 sec
     2,128,447,757      cycles                           #    2.821 GHz                       
     3,059,644,360      instructions                     #    1.44  insn per cycle            
       0.815952068 seconds time elapsed
.........................................................................
runNcu /data/avalassi/GPU2025/test-madgraph4gpu/epochX/cudacpp/gg_ttgg.mad/SubProcesses/P1_gg_ttxgg/build.cuda_f_inl0_hrd0/check_cuda.exe -p 64 256 1 --rmbhst
WARNING! RamboHost selected: cannot use CurandDevice, will use CurandHost
==WARNING== No kernels were profiled.
   launch__registers_per_thread N/A
   sm__sass_average_branch_targets_threads_uniform.pct N/A
WARNING! RamboHost selected: cannot use CurandDevice, will use CurandHost
==WARNING== No kernels were profiled.
   launch__registers_per_thread N/A
   sm__sass_average_branch_targets_threads_uniform.pct N/A
WARNING! RamboHost selected: cannot use CurandDevice, will use CurandHost
==PROF== Profiling "color_sum_kernel": launch__registers_per_thread 72
==PROF== Profiling "color_sum_kernel": sm__sass_average_branch_targets_threads_uniform.pct 100%
-------------------------------------------------------------------------
runTest /data/avalassi/GPU2025/test-madgraph4gpu/epochX/cudacpp/gg_ttgg.mad/SubProcesses/P1_gg_ttxgg/build.cuda_f_inl0_hrd0/runTest_cuda.exe
[  FAILED  ] SIGMA_SM_GG_TTXGG_GPU_NOMULTICHANNEL.compareMomAndME (61 ms)
[  FAILED  ] SIGMA_SM_GG_TTXGG_GPU_MULTICHANNEL.compareMomAndME (46 ms)
[  PASSED  ] 2 tests.
[  FAILED  ] 2 tests, listed below:
[  FAILED  ] SIGMA_SM_GG_TTXGG_GPU_NOMULTICHANNEL.compareMomAndME
[  FAILED  ] SIGMA_SM_GG_TTXGG_GPU_MULTICHANNEL.compareMomAndME
 2 FAILED TESTS
DEBUG: MEK (no multichannel) processed 512 events across 123 channels { no-multichannel : 512 }
DEBUG: MEK (channelid array) processed 512 events across 123 channels { 2 : 32, 3 : 32, 4 : 32, 5 : 32, 6 : 32, 7 : 32, 8 : 32, 9 : 32, 10 : 32, 11 : 32, 12 : 32, 13 : 32, 14 : 32, 15 : 32, 16 : 32, 17 : 32 }
-------------------------------------------------------------------------
cmpExe /data/avalassi/GPU2025/test-madgraph4gpu/epochX/cudacpp/gg_ttgg.mad/SubProcesses/P1_gg_ttxgg/build.cuda_f_inl0_hrd0/check_cuda.exe --common -p 2 64 2
cmpExe /data/avalassi/GPU2025/test-madgraph4gpu/epochX/cudacpp/gg_ttgg.mad/SubProcesses/P1_gg_ttxgg/build.cuda_f_inl0_hrd0/fcheck_cuda.exe 2 64 2
Avg ME (C++/GPU)   = -nan
Avg ME (F77/GPU)   = 0.0000000000000000
Traceback (most recent call last):
  File "<string>", line 1, in <module>
NameError: name 'nan' is not defined
